<?xml version="1.0" encoding="UTF-8"?>
<testsuite name="com.tiangaop.ApplicationTestCase" tests="1" skipped="0" failures="0" errors="0" timestamp="2017-08-23T01:28:28" hostname="Jesse-2.local" time="4.525">
  <properties/>
  <testcase name="shouldRoundRobinOverInstancesWhenCallingServicesViaRibbon" classname="com.tiangaop.ApplicationTestCase" time="4.525"/>
  <system-out><![CDATA[09:28:24.326 [Test worker] DEBUG org.springframework.test.context.junit4.SpringJUnit4ClassRunner - SpringJUnit4ClassRunner constructor called with [class com.tiangaop.ApplicationTestCase]
09:28:24.337 [Test worker] DEBUG org.springframework.test.context.BootstrapUtils - Instantiating CacheAwareContextLoaderDelegate from class [org.springframework.test.context.cache.DefaultCacheAwareContextLoaderDelegate]
09:28:24.345 [Test worker] DEBUG org.springframework.test.context.BootstrapUtils - Instantiating BootstrapContext using constructor [public org.springframework.test.context.support.DefaultBootstrapContext(java.lang.Class,org.springframework.test.context.CacheAwareContextLoaderDelegate)]
09:28:24.359 [Test worker] DEBUG org.springframework.test.context.BootstrapUtils - Instantiating TestContextBootstrapper for test class [com.tiangaop.ApplicationTestCase] from class [org.springframework.boot.test.context.SpringBootTestContextBootstrapper]
09:28:24.371 [Test worker] INFO org.springframework.boot.test.context.SpringBootTestContextBootstrapper - Neither @ContextConfiguration nor @ContextHierarchy found for test class [com.tiangaop.ApplicationTestCase], using SpringBootContextLoader
09:28:24.376 [Test worker] DEBUG org.springframework.test.context.support.AbstractContextLoader - Did not detect default resource location for test class [com.tiangaop.ApplicationTestCase]: class path resource [com/tiangaop/ApplicationTestCase-context.xml] does not exist
09:28:24.376 [Test worker] DEBUG org.springframework.test.context.support.AbstractContextLoader - Did not detect default resource location for test class [com.tiangaop.ApplicationTestCase]: class path resource [com/tiangaop/ApplicationTestCaseContext.groovy] does not exist
09:28:24.377 [Test worker] INFO org.springframework.test.context.support.AbstractContextLoader - Could not detect default resource locations for test class [com.tiangaop.ApplicationTestCase]: no resource found for suffixes {-context.xml, Context.groovy}.
09:28:24.417 [Test worker] DEBUG org.springframework.test.context.support.ActiveProfilesUtils - Could not find an 'annotation declaring class' for annotation type [org.springframework.test.context.ActiveProfiles] and class [com.tiangaop.ApplicationTestCase]
09:28:24.453 [Test worker] DEBUG org.springframework.boot.test.context.SpringBootTestContextBootstrapper - @TestExecutionListeners is not present for class [com.tiangaop.ApplicationTestCase]: using defaults.
09:28:24.458 [Test worker] INFO org.springframework.boot.test.context.SpringBootTestContextBootstrapper - Loaded default TestExecutionListener class names from location [META-INF/spring.factories]: [org.springframework.boot.test.mock.mockito.MockitoTestExecutionListener, org.springframework.boot.test.mock.mockito.ResetMocksTestExecutionListener, org.springframework.boot.test.autoconfigure.restdocs.RestDocsTestExecutionListener, org.springframework.boot.test.autoconfigure.web.client.MockRestServiceServerResetTestExecutionListener, org.springframework.boot.test.autoconfigure.web.servlet.MockMvcPrintOnlyOnFailureTestExecutionListener, org.springframework.boot.test.autoconfigure.web.servlet.WebDriverTestExecutionListener, org.springframework.test.context.web.ServletTestExecutionListener, org.springframework.test.context.support.DirtiesContextBeforeModesTestExecutionListener, org.springframework.test.context.support.DependencyInjectionTestExecutionListener, org.springframework.test.context.support.DirtiesContextTestExecutionListener, org.springframework.test.context.transaction.TransactionalTestExecutionListener, org.springframework.test.context.jdbc.SqlScriptsTestExecutionListener]
09:28:24.467 [Test worker] INFO org.springframework.boot.test.context.SpringBootTestContextBootstrapper - Could not instantiate TestExecutionListener [org.springframework.test.context.transaction.TransactionalTestExecutionListener]. Specify custom listener classes or make the default listener classes (and their required dependencies) available. Offending class: [org/springframework/transaction/interceptor/TransactionAttributeSource]
09:28:24.471 [Test worker] INFO org.springframework.boot.test.context.SpringBootTestContextBootstrapper - Could not instantiate TestExecutionListener [org.springframework.test.context.jdbc.SqlScriptsTestExecutionListener]. Specify custom listener classes or make the default listener classes (and their required dependencies) available. Offending class: [org/springframework/transaction/interceptor/TransactionAttribute]
09:28:24.472 [Test worker] INFO org.springframework.boot.test.context.SpringBootTestContextBootstrapper - Using TestExecutionListeners: [org.springframework.test.context.web.ServletTestExecutionListener@6e48b218, org.springframework.test.context.support.DirtiesContextBeforeModesTestExecutionListener@619bf09e, org.springframework.boot.test.autoconfigure.SpringBootDependencyInjectionTestExecutionListener@4f1f63c8, org.springframework.test.context.support.DirtiesContextTestExecutionListener@186d8931, org.springframework.boot.test.mock.mockito.MockitoTestExecutionListener@331e3056, org.springframework.boot.test.autoconfigure.restdocs.RestDocsTestExecutionListener@d3f29ab, org.springframework.boot.test.mock.mockito.ResetMocksTestExecutionListener@398a0ae7, org.springframework.boot.test.autoconfigure.web.client.MockRestServiceServerResetTestExecutionListener@4d5a38e6, org.springframework.boot.test.autoconfigure.web.servlet.MockMvcPrintOnlyOnFailureTestExecutionListener@f042d9b, org.springframework.boot.test.autoconfigure.web.servlet.WebDriverTestExecutionListener@7b823fa1]
09:28:24.475 [Test worker] DEBUG org.springframework.test.annotation.ProfileValueUtils - Retrieved @ProfileValueSourceConfiguration [null] for test class [com.tiangaop.ApplicationTestCase]
09:28:24.476 [Test worker] DEBUG org.springframework.test.annotation.ProfileValueUtils - Retrieved ProfileValueSource type [class org.springframework.test.annotation.SystemProfileValueSource] for class [com.tiangaop.ApplicationTestCase]
09:28:24.476 [Test worker] DEBUG org.springframework.test.annotation.ProfileValueUtils - Retrieved @ProfileValueSourceConfiguration [null] for test class [com.tiangaop.ApplicationTestCase]
09:28:24.477 [Test worker] DEBUG org.springframework.test.annotation.ProfileValueUtils - Retrieved ProfileValueSource type [class org.springframework.test.annotation.SystemProfileValueSource] for class [com.tiangaop.ApplicationTestCase]
09:28:24.482 [Test worker] DEBUG org.springframework.test.context.support.AbstractDirtiesContextTestExecutionListener - Before test class: context [DefaultTestContext@46da02c0 testClass = ApplicationTestCase, testInstance = [null], testMethod = [null], testException = [null], mergedContextConfiguration = [WebMergedContextConfiguration@59edc04 testClass = ApplicationTestCase, locations = '{}', classes = '{class com.tiangaop.Application, class com.tiangaop.Application}', contextInitializerClasses = '[]', activeProfiles = '{}', propertySourceLocations = '{}', propertySourceProperties = '{org.springframework.boot.test.context.SpringBootTestContextBootstrapper=true, server.port=0}', contextCustomizers = set[org.springframework.boot.test.context.SpringBootTestContextCustomizer@6726ef1c, org.springframework.boot.test.context.filter.ExcludeFilterContextCustomizer@118c9728, org.springframework.boot.test.mock.mockito.MockitoContextCustomizer@0, org.springframework.boot.test.autoconfigure.properties.PropertyMappingContextCustomizer@0, org.springframework.boot.test.autoconfigure.web.servlet.WebDriverContextCustomizerFactory$Customizer@4e31256e], resourceBasePath = 'src/main/webapp', contextLoader = 'org.springframework.boot.test.context.SpringBootContextLoader', parent = [null]]], class annotated with @DirtiesContext [false] with mode [null].
09:28:24.483 [Test worker] DEBUG org.springframework.test.annotation.ProfileValueUtils - Retrieved @ProfileValueSourceConfiguration [null] for test class [com.tiangaop.ApplicationTestCase]
09:28:24.483 [Test worker] DEBUG org.springframework.test.annotation.ProfileValueUtils - Retrieved ProfileValueSource type [class org.springframework.test.annotation.SystemProfileValueSource] for class [com.tiangaop.ApplicationTestCase]
09:28:24.485 [Test worker] DEBUG org.springframework.test.context.support.DependencyInjectionTestExecutionListener - Performing dependency injection for test context [[DefaultTestContext@46da02c0 testClass = ApplicationTestCase, testInstance = com.tiangaop.ApplicationTestCase@46746895, testMethod = [null], testException = [null], mergedContextConfiguration = [WebMergedContextConfiguration@59edc04 testClass = ApplicationTestCase, locations = '{}', classes = '{class com.tiangaop.Application, class com.tiangaop.Application}', contextInitializerClasses = '[]', activeProfiles = '{}', propertySourceLocations = '{}', propertySourceProperties = '{org.springframework.boot.test.context.SpringBootTestContextBootstrapper=true, server.port=0}', contextCustomizers = set[org.springframework.boot.test.context.SpringBootTestContextCustomizer@6726ef1c, org.springframework.boot.test.context.filter.ExcludeFilterContextCustomizer@118c9728, org.springframework.boot.test.mock.mockito.MockitoContextCustomizer@0, org.springframework.boot.test.autoconfigure.properties.PropertyMappingContextCustomizer@0, org.springframework.boot.test.autoconfigure.web.servlet.WebDriverContextCustomizerFactory$Customizer@4e31256e], resourceBasePath = 'src/main/webapp', contextLoader = 'org.springframework.boot.test.context.SpringBootContextLoader', parent = [null]]]].
09:28:24.569 [Test worker] DEBUG org.springframework.core.env.StandardEnvironment - Adding [systemProperties] PropertySource with lowest search precedence
09:28:24.570 [Test worker] DEBUG org.springframework.core.env.StandardEnvironment - Adding [systemEnvironment] PropertySource with lowest search precedence
09:28:24.570 [Test worker] DEBUG org.springframework.core.env.StandardEnvironment - Initialized StandardEnvironment with PropertySources [systemProperties,systemEnvironment]
09:28:24.572 [Test worker] DEBUG org.springframework.test.context.support.TestPropertySourceUtils - Adding inlined properties to environment: {spring.jmx.enabled=false, org.springframework.boot.test.context.SpringBootTestContextBootstrapper=true, server.port=0}
09:28:24.572 [Test worker] DEBUG org.springframework.core.env.StandardEnvironment - Adding [Inlined Test Properties] PropertySource with highest search precedence
2017-08-23 09:28:24.996  INFO 7450 --- [    Test worker] s.c.a.AnnotationConfigApplicationContext : Refreshing org.springframework.context.annotation.AnnotationConfigApplicationContext@742972d8: startup date [Wed Aug 23 09:28:24 CST 2017]; root of context hierarchy
2017-08-23 09:28:25.327  INFO 7450 --- [    Test worker] f.a.AutowiredAnnotationBeanPostProcessor : JSR-330 'javax.inject.Inject' annotation found and supported for autowiring
2017-08-23 09:28:25.427  INFO 7450 --- [    Test worker] trationDelegate$BeanPostProcessorChecker : Bean 'configurationPropertiesRebinderAutoConfiguration' of type [org.springframework.cloud.autoconfigure.ConfigurationPropertiesRebinderAutoConfiguration$$EnhancerBySpringCGLIB$$59eab12e] is not eligible for getting processed by all BeanPostProcessors (for example: not eligible for auto-proxying)

  .   ____          _            __ _ _
 /\\ / ___'_ __ _ _(_)_ __  __ _ \ \ \ \
( ( )\___ | '_ | '_| | '_ \/ _` | \ \ \ \
 \\/  ___)| |_)| | | | | || (_| |  ) ) ) )
  '  |____| .__|_| |_|_| |_\__, | / / / /
 =========|_|==============|___/=/_/_/_/
 :: Spring Boot ::        (v1.5.2.RELEASE)

2017-08-23 09:28:25.830  INFO 7450 --- [    Test worker] com.tiangaop.ApplicationTestCase         : No active profile set, falling back to default profiles: default
2017-08-23 09:28:25.834  INFO 7450 --- [    Test worker] ationConfigEmbeddedWebApplicationContext : Refreshing org.springframework.boot.context.embedded.AnnotationConfigEmbeddedWebApplicationContext@575f7e9d: startup date [Wed Aug 23 09:28:25 CST 2017]; parent: org.springframework.context.annotation.AnnotationConfigApplicationContext@742972d8
2017-08-23 09:28:26.306  WARN 7450 --- [    Test worker] o.s.c.a.ConfigurationClassPostProcessor  : Cannot enhance @Configuration bean definition 'refreshScope' since its singleton instance has been created too early. The typical cause is a non-static @Bean method with a BeanDefinitionRegistryPostProcessor return type: Consider declaring such methods as 'static'.
2017-08-23 09:28:26.404  INFO 7450 --- [    Test worker] o.s.cloud.context.scope.GenericScope     : BeanFactory id=86c3ba90-ae1a-3269-9331-22412c7ddab5
2017-08-23 09:28:26.452  INFO 7450 --- [    Test worker] f.a.AutowiredAnnotationBeanPostProcessor : JSR-330 'javax.inject.Inject' annotation found and supported for autowiring
2017-08-23 09:28:26.547  INFO 7450 --- [    Test worker] trationDelegate$BeanPostProcessorChecker : Bean 'org.springframework.cloud.autoconfigure.ConfigurationPropertiesRebinderAutoConfiguration' of type [org.springframework.cloud.autoconfigure.ConfigurationPropertiesRebinderAutoConfiguration$$EnhancerBySpringCGLIB$$59eab12e] is not eligible for getting processed by all BeanPostProcessors (for example: not eligible for auto-proxying)
2017-08-23 09:28:26.794  INFO 7450 --- [    Test worker] s.b.c.e.t.TomcatEmbeddedServletContainer : Tomcat initialized with port(s): 0 (http)
2017-08-23 09:28:26.805  INFO 7450 --- [    Test worker] o.apache.catalina.core.StandardService   : Starting service Tomcat
2017-08-23 09:28:26.807  INFO 7450 --- [    Test worker] org.apache.catalina.core.StandardEngine  : Starting Servlet Engine: Apache Tomcat/8.5.11
2017-08-23 09:28:26.923  INFO 7450 --- [ost-startStop-1] o.a.c.c.C.[Tomcat].[localhost].[/]       : Initializing Spring embedded WebApplicationContext
2017-08-23 09:28:26.923  INFO 7450 --- [ost-startStop-1] o.s.web.context.ContextLoader            : Root WebApplicationContext: initialization completed in 1090 ms
2017-08-23 09:28:27.065  INFO 7450 --- [ost-startStop-1] o.s.b.w.servlet.ServletRegistrationBean  : Mapping servlet: 'dispatcherServlet' to [/]
2017-08-23 09:28:27.070  INFO 7450 --- [ost-startStop-1] o.s.b.w.servlet.FilterRegistrationBean   : Mapping filter: 'characterEncodingFilter' to: [/*]
2017-08-23 09:28:27.070  INFO 7450 --- [ost-startStop-1] o.s.b.w.servlet.FilterRegistrationBean   : Mapping filter: 'hiddenHttpMethodFilter' to: [/*]
2017-08-23 09:28:27.071  INFO 7450 --- [ost-startStop-1] o.s.b.w.servlet.FilterRegistrationBean   : Mapping filter: 'httpPutFormContentFilter' to: [/*]
2017-08-23 09:28:27.071  INFO 7450 --- [ost-startStop-1] o.s.b.w.servlet.FilterRegistrationBean   : Mapping filter: 'requestContextFilter' to: [/*]
2017-08-23 09:28:27.585  INFO 7450 --- [    Test worker] s.w.s.m.m.a.RequestMappingHandlerAdapter : Looking for @ControllerAdvice: org.springframework.boot.context.embedded.AnnotationConfigEmbeddedWebApplicationContext@575f7e9d: startup date [Wed Aug 23 09:28:25 CST 2017]; parent: org.springframework.context.annotation.AnnotationConfigApplicationContext@742972d8
2017-08-23 09:28:27.660  INFO 7450 --- [    Test worker] s.w.s.m.m.a.RequestMappingHandlerMapping : Mapped "{[/hi]}" onto public java.lang.String com.tiangaop.Application.hi(java.lang.String)
2017-08-23 09:28:27.662  INFO 7450 --- [    Test worker] s.w.s.m.m.a.RequestMappingHandlerMapping : Mapped "{[/error]}" onto public org.springframework.http.ResponseEntity<java.util.Map<java.lang.String, java.lang.Object>> org.springframework.boot.autoconfigure.web.BasicErrorController.error(javax.servlet.http.HttpServletRequest)
2017-08-23 09:28:27.663  INFO 7450 --- [    Test worker] s.w.s.m.m.a.RequestMappingHandlerMapping : Mapped "{[/error],produces=[text/html]}" onto public org.springframework.web.servlet.ModelAndView org.springframework.boot.autoconfigure.web.BasicErrorController.errorHtml(javax.servlet.http.HttpServletRequest,javax.servlet.http.HttpServletResponse)
2017-08-23 09:28:27.706  INFO 7450 --- [    Test worker] o.s.w.s.handler.SimpleUrlHandlerMapping  : Mapped URL path [/webjars/**] onto handler of type [class org.springframework.web.servlet.resource.ResourceHttpRequestHandler]
2017-08-23 09:28:27.706  INFO 7450 --- [    Test worker] o.s.w.s.handler.SimpleUrlHandlerMapping  : Mapped URL path [/**] onto handler of type [class org.springframework.web.servlet.resource.ResourceHttpRequestHandler]
2017-08-23 09:28:27.750  INFO 7450 --- [    Test worker] o.s.w.s.handler.SimpleUrlHandlerMapping  : Mapped URL path [/**/favicon.ico] onto handler of type [class org.springframework.web.servlet.resource.ResourceHttpRequestHandler]
2017-08-23 09:28:27.952  WARN 7450 --- [    Test worker] o.s.c.n.a.ArchaiusAutoConfiguration      : No spring.application.name found, defaulting to 'application'
2017-08-23 09:28:27.958  WARN 7450 --- [    Test worker] c.n.c.sources.URLConfigurationSource     : No URLs will be polled as dynamic configuration sources.
2017-08-23 09:28:27.958  INFO 7450 --- [    Test worker] c.n.c.sources.URLConfigurationSource     : To enable URLs as dynamic configuration sources, define System property archaius.configurationSource.additionalUrls or make config.properties available on classpath.
2017-08-23 09:28:27.966  WARN 7450 --- [    Test worker] c.n.c.sources.URLConfigurationSource     : No URLs will be polled as dynamic configuration sources.
2017-08-23 09:28:27.967  INFO 7450 --- [    Test worker] c.n.c.sources.URLConfigurationSource     : To enable URLs as dynamic configuration sources, define System property archaius.configurationSource.additionalUrls or make config.properties available on classpath.
2017-08-23 09:28:28.272  INFO 7450 --- [    Test worker] s.b.c.e.t.TomcatEmbeddedServletContainer : Tomcat started on port(s): 61451 (http)
2017-08-23 09:28:28.277  INFO 7450 --- [    Test worker] com.tiangaop.ApplicationTestCase         : Started ApplicationTestCase in 3.701 seconds (JVM running for 4.594)
2017-08-23 09:28:28.372  INFO 7450 --- [    Test worker] s.c.a.AnnotationConfigApplicationContext : Refreshing org.springframework.context.annotation.AnnotationConfigApplicationContext@1241df3f: startup date [Wed Aug 23 09:28:28 CST 2017]; root of context hierarchy
2017-08-23 09:28:28.399  INFO 7450 --- [    Test worker] f.a.AutowiredAnnotationBeanPostProcessor : JSR-330 'javax.inject.Inject' annotation found and supported for autowiring
2017-08-23 09:28:28.421  INFO 7450 --- [    Test worker] trationDelegate$BeanPostProcessorChecker : Bean 'configurationPropertiesRebinderAutoConfiguration' of type [org.springframework.cloud.autoconfigure.ConfigurationPropertiesRebinderAutoConfiguration$$EnhancerBySpringCGLIB$$59eab12e] is not eligible for getting processed by all BeanPostProcessors (for example: not eligible for auto-proxying)

  .   ____          _            __ _ _
 /\\ / ___'_ __ _ _(_)_ __  __ _ \ \ \ \
( ( )\___ | '_ | '_| | '_ \/ _` | \ \ \ \
 \\/  ___)| |_)| | | | | || (_| |  ) ) ) )
  '  |____| .__|_| |_|_| |_\__, | / / / /
 =========|_|==============|___/=/_/_/_/
 :: Spring Boot ::        (v1.5.2.RELEASE)

2017-08-23 09:28:28.517  INFO 7450 --- [    Test worker] o.s.boot.SpringApplication               : No active profile set, falling back to default profiles: default
2017-08-23 09:28:28.519  INFO 7450 --- [    Test worker] ationConfigEmbeddedWebApplicationContext : Refreshing org.springframework.boot.context.embedded.AnnotationConfigEmbeddedWebApplicationContext@72b8d0c7: startup date [Wed Aug 23 09:28:28 CST 2017]; parent: org.springframework.context.annotation.AnnotationConfigApplicationContext@1241df3f
2017-08-23 09:28:28.710  WARN 7450 --- [    Test worker] o.s.c.a.ConfigurationClassPostProcessor  : Cannot enhance @Configuration bean definition 'refreshScope' since its singleton instance has been created too early. The typical cause is a non-static @Bean method with a BeanDefinitionRegistryPostProcessor return type: Consider declaring such methods as 'static'.
2017-08-23 09:28:28.714  INFO 7450 --- [    Test worker] o.s.cloud.context.scope.GenericScope     : BeanFactory id=a3076071-30b5-3437-8524-dfda681a7b93
2017-08-23 09:28:28.727  INFO 7450 --- [    Test worker] f.a.AutowiredAnnotationBeanPostProcessor : JSR-330 'javax.inject.Inject' annotation found and supported for autowiring
2017-08-23 09:28:28.787  INFO 7450 --- [    Test worker] trationDelegate$BeanPostProcessorChecker : Bean 'org.springframework.cloud.autoconfigure.ConfigurationPropertiesRebinderAutoConfiguration' of type [org.springframework.cloud.autoconfigure.ConfigurationPropertiesRebinderAutoConfiguration$$EnhancerBySpringCGLIB$$59eab12e] is not eligible for getting processed by all BeanPostProcessors (for example: not eligible for auto-proxying)
2017-08-23 09:28:28.878  INFO 7450 --- [    Test worker] s.b.c.e.t.TomcatEmbeddedServletContainer : Tomcat initialized with port(s): 8090 (http)
2017-08-23 09:28:28.879  INFO 7450 --- [    Test worker] o.apache.catalina.core.StandardService   : Starting service Tomcat
2017-08-23 09:28:28.879  INFO 7450 --- [    Test worker] org.apache.catalina.core.StandardEngine  : Starting Servlet Engine: Apache Tomcat/8.5.11
2017-08-23 09:28:28.887  INFO 7450 --- [ost-startStop-1] o.a.c.c.C.[Tomcat-1].[localhost].[/]     : Initializing Spring embedded WebApplicationContext
2017-08-23 09:28:28.887  INFO 7450 --- [ost-startStop-1] o.s.web.context.ContextLoader            : Root WebApplicationContext: initialization completed in 368 ms
2017-08-23 09:28:28.988  INFO 7450 --- [ost-startStop-1] o.s.b.w.servlet.ServletRegistrationBean  : Mapping servlet: 'dispatcherServlet' to [/]
2017-08-23 09:28:28.989  INFO 7450 --- [ost-startStop-1] o.s.b.w.servlet.FilterRegistrationBean   : Mapping filter: 'characterEncodingFilter' to: [/*]
2017-08-23 09:28:28.989  INFO 7450 --- [ost-startStop-1] o.s.b.w.servlet.FilterRegistrationBean   : Mapping filter: 'hiddenHttpMethodFilter' to: [/*]
2017-08-23 09:28:28.989  INFO 7450 --- [ost-startStop-1] o.s.b.w.servlet.FilterRegistrationBean   : Mapping filter: 'httpPutFormContentFilter' to: [/*]
2017-08-23 09:28:28.989  INFO 7450 --- [ost-startStop-1] o.s.b.w.servlet.FilterRegistrationBean   : Mapping filter: 'requestContextFilter' to: [/*]
2017-08-23 09:28:29.171  INFO 7450 --- [    Test worker] s.w.s.m.m.a.RequestMappingHandlerAdapter : Looking for @ControllerAdvice: org.springframework.boot.context.embedded.AnnotationConfigEmbeddedWebApplicationContext@72b8d0c7: startup date [Wed Aug 23 09:28:28 CST 2017]; parent: org.springframework.context.annotation.AnnotationConfigApplicationContext@1241df3f
2017-08-23 09:28:29.193  INFO 7450 --- [    Test worker] s.w.s.m.m.a.RequestMappingHandlerMapping : Mapped "{[/greeting]}" onto public java.lang.Integer com.tiangaop.ApplicationTestCase$TestApplication.greet()
2017-08-23 09:28:29.194  INFO 7450 --- [    Test worker] s.w.s.m.m.a.RequestMappingHandlerMapping : Mapped "{[/]}" onto public java.lang.String com.tiangaop.ApplicationTestCase$TestApplication.health()
2017-08-23 09:28:29.196  INFO 7450 --- [    Test worker] s.w.s.m.m.a.RequestMappingHandlerMapping : Mapped "{[/error]}" onto public org.springframework.http.ResponseEntity<java.util.Map<java.lang.String, java.lang.Object>> org.springframework.boot.autoconfigure.web.BasicErrorController.error(javax.servlet.http.HttpServletRequest)
2017-08-23 09:28:29.196  INFO 7450 --- [    Test worker] s.w.s.m.m.a.RequestMappingHandlerMapping : Mapped "{[/error],produces=[text/html]}" onto public org.springframework.web.servlet.ModelAndView org.springframework.boot.autoconfigure.web.BasicErrorController.errorHtml(javax.servlet.http.HttpServletRequest,javax.servlet.http.HttpServletResponse)
2017-08-23 09:28:29.239  INFO 7450 --- [    Test worker] o.s.w.s.handler.SimpleUrlHandlerMapping  : Mapped URL path [/webjars/**] onto handler of type [class org.springframework.web.servlet.resource.ResourceHttpRequestHandler]
2017-08-23 09:28:29.242  INFO 7450 --- [    Test worker] o.s.w.s.handler.SimpleUrlHandlerMapping  : Mapped URL path [/**] onto handler of type [class org.springframework.web.servlet.resource.ResourceHttpRequestHandler]
2017-08-23 09:28:29.271  INFO 7450 --- [    Test worker] o.s.w.s.handler.SimpleUrlHandlerMapping  : Mapped URL path [/**/favicon.ico] onto handler of type [class org.springframework.web.servlet.resource.ResourceHttpRequestHandler]
2017-08-23 09:28:29.391  WARN 7450 --- [    Test worker] o.s.c.n.a.ArchaiusAutoConfiguration      : Netflix ConfigurationManager has already been installed, unable to re-install
2017-08-23 09:28:29.515  INFO 7450 --- [    Test worker] s.b.c.e.t.TomcatEmbeddedServletContainer : Tomcat started on port(s): 8090 (http)
2017-08-23 09:28:29.518  INFO 7450 --- [    Test worker] o.s.boot.SpringApplication               : Started application in 1.202 seconds (JVM running for 5.835)
2017-08-23 09:28:29.565  INFO 7450 --- [    Test worker] s.c.a.AnnotationConfigApplicationContext : Refreshing org.springframework.context.annotation.AnnotationConfigApplicationContext@4f66ecd2: startup date [Wed Aug 23 09:28:29 CST 2017]; root of context hierarchy
2017-08-23 09:28:29.590  INFO 7450 --- [    Test worker] f.a.AutowiredAnnotationBeanPostProcessor : JSR-330 'javax.inject.Inject' annotation found and supported for autowiring
2017-08-23 09:28:29.619  INFO 7450 --- [    Test worker] trationDelegate$BeanPostProcessorChecker : Bean 'configurationPropertiesRebinderAutoConfiguration' of type [org.springframework.cloud.autoconfigure.ConfigurationPropertiesRebinderAutoConfiguration$$EnhancerBySpringCGLIB$$59eab12e] is not eligible for getting processed by all BeanPostProcessors (for example: not eligible for auto-proxying)

  .   ____          _            __ _ _
 /\\ / ___'_ __ _ _(_)_ __  __ _ \ \ \ \
( ( )\___ | '_ | '_| | '_ \/ _` | \ \ \ \
 \\/  ___)| |_)| | | | | || (_| |  ) ) ) )
  '  |____| .__|_| |_|_| |_\__, | / / / /
 =========|_|==============|___/=/_/_/_/
 :: Spring Boot ::        (v1.5.2.RELEASE)

2017-08-23 09:28:29.723  INFO 7450 --- [    Test worker] o.s.boot.SpringApplication               : No active profile set, falling back to default profiles: default
2017-08-23 09:28:29.725  INFO 7450 --- [    Test worker] ationConfigEmbeddedWebApplicationContext : Refreshing org.springframework.boot.context.embedded.AnnotationConfigEmbeddedWebApplicationContext@384c2989: startup date [Wed Aug 23 09:28:29 CST 2017]; parent: org.springframework.context.annotation.AnnotationConfigApplicationContext@4f66ecd2
2017-08-23 09:28:29.906  WARN 7450 --- [    Test worker] o.s.c.a.ConfigurationClassPostProcessor  : Cannot enhance @Configuration bean definition 'refreshScope' since its singleton instance has been created too early. The typical cause is a non-static @Bean method with a BeanDefinitionRegistryPostProcessor return type: Consider declaring such methods as 'static'.
2017-08-23 09:28:29.909  INFO 7450 --- [    Test worker] o.s.cloud.context.scope.GenericScope     : BeanFactory id=a3076071-30b5-3437-8524-dfda681a7b93
2017-08-23 09:28:29.922  INFO 7450 --- [    Test worker] f.a.AutowiredAnnotationBeanPostProcessor : JSR-330 'javax.inject.Inject' annotation found and supported for autowiring
2017-08-23 09:28:29.976  INFO 7450 --- [    Test worker] trationDelegate$BeanPostProcessorChecker : Bean 'org.springframework.cloud.autoconfigure.ConfigurationPropertiesRebinderAutoConfiguration' of type [org.springframework.cloud.autoconfigure.ConfigurationPropertiesRebinderAutoConfiguration$$EnhancerBySpringCGLIB$$59eab12e] is not eligible for getting processed by all BeanPostProcessors (for example: not eligible for auto-proxying)
2017-08-23 09:28:30.042  INFO 7450 --- [    Test worker] s.b.c.e.t.TomcatEmbeddedServletContainer : Tomcat initialized with port(s): 9092 (http)
2017-08-23 09:28:30.043  INFO 7450 --- [    Test worker] o.apache.catalina.core.StandardService   : Starting service Tomcat
2017-08-23 09:28:30.043  INFO 7450 --- [    Test worker] org.apache.catalina.core.StandardEngine  : Starting Servlet Engine: Apache Tomcat/8.5.11
2017-08-23 09:28:30.048  INFO 7450 --- [ost-startStop-1] o.a.c.c.C.[Tomcat-2].[localhost].[/]     : Initializing Spring embedded WebApplicationContext
2017-08-23 09:28:30.049  INFO 7450 --- [ost-startStop-1] o.s.web.context.ContextLoader            : Root WebApplicationContext: initialization completed in 324 ms
2017-08-23 09:28:30.140  INFO 7450 --- [ost-startStop-1] o.s.b.w.servlet.ServletRegistrationBean  : Mapping servlet: 'dispatcherServlet' to [/]
2017-08-23 09:28:30.141  INFO 7450 --- [ost-startStop-1] o.s.b.w.servlet.FilterRegistrationBean   : Mapping filter: 'characterEncodingFilter' to: [/*]
2017-08-23 09:28:30.142  INFO 7450 --- [ost-startStop-1] o.s.b.w.servlet.FilterRegistrationBean   : Mapping filter: 'hiddenHttpMethodFilter' to: [/*]
2017-08-23 09:28:30.142  INFO 7450 --- [ost-startStop-1] o.s.b.w.servlet.FilterRegistrationBean   : Mapping filter: 'httpPutFormContentFilter' to: [/*]
2017-08-23 09:28:30.142  INFO 7450 --- [ost-startStop-1] o.s.b.w.servlet.FilterRegistrationBean   : Mapping filter: 'requestContextFilter' to: [/*]
2017-08-23 09:28:30.300  INFO 7450 --- [    Test worker] s.w.s.m.m.a.RequestMappingHandlerAdapter : Looking for @ControllerAdvice: org.springframework.boot.context.embedded.AnnotationConfigEmbeddedWebApplicationContext@384c2989: startup date [Wed Aug 23 09:28:29 CST 2017]; parent: org.springframework.context.annotation.AnnotationConfigApplicationContext@4f66ecd2
2017-08-23 09:28:30.316  INFO 7450 --- [    Test worker] s.w.s.m.m.a.RequestMappingHandlerMapping : Mapped "{[/greeting]}" onto public java.lang.Integer com.tiangaop.ApplicationTestCase$TestApplication.greet()
2017-08-23 09:28:30.317  INFO 7450 --- [    Test worker] s.w.s.m.m.a.RequestMappingHandlerMapping : Mapped "{[/]}" onto public java.lang.String com.tiangaop.ApplicationTestCase$TestApplication.health()
2017-08-23 09:28:30.319  INFO 7450 --- [    Test worker] s.w.s.m.m.a.RequestMappingHandlerMapping : Mapped "{[/error]}" onto public org.springframework.http.ResponseEntity<java.util.Map<java.lang.String, java.lang.Object>> org.springframework.boot.autoconfigure.web.BasicErrorController.error(javax.servlet.http.HttpServletRequest)
2017-08-23 09:28:30.319  INFO 7450 --- [    Test worker] s.w.s.m.m.a.RequestMappingHandlerMapping : Mapped "{[/error],produces=[text/html]}" onto public org.springframework.web.servlet.ModelAndView org.springframework.boot.autoconfigure.web.BasicErrorController.errorHtml(javax.servlet.http.HttpServletRequest,javax.servlet.http.HttpServletResponse)
2017-08-23 09:28:30.350  INFO 7450 --- [    Test worker] o.s.w.s.handler.SimpleUrlHandlerMapping  : Mapped URL path [/webjars/**] onto handler of type [class org.springframework.web.servlet.resource.ResourceHttpRequestHandler]
2017-08-23 09:28:30.350  INFO 7450 --- [    Test worker] o.s.w.s.handler.SimpleUrlHandlerMapping  : Mapped URL path [/**] onto handler of type [class org.springframework.web.servlet.resource.ResourceHttpRequestHandler]
2017-08-23 09:28:30.388  INFO 7450 --- [    Test worker] o.s.w.s.handler.SimpleUrlHandlerMapping  : Mapped URL path [/**/favicon.ico] onto handler of type [class org.springframework.web.servlet.resource.ResourceHttpRequestHandler]
2017-08-23 09:28:30.534  WARN 7450 --- [    Test worker] o.s.c.n.a.ArchaiusAutoConfiguration      : Netflix ConfigurationManager has already been installed, unable to re-install
2017-08-23 09:28:30.696  INFO 7450 --- [    Test worker] s.b.c.e.t.TomcatEmbeddedServletContainer : Tomcat started on port(s): 9092 (http)
2017-08-23 09:28:30.700  INFO 7450 --- [    Test worker] o.s.boot.SpringApplication               : Started application in 1.178 seconds (JVM running for 7.017)
2017-08-23 09:28:30.747  INFO 7450 --- [    Test worker] s.c.a.AnnotationConfigApplicationContext : Refreshing org.springframework.context.annotation.AnnotationConfigApplicationContext@36b6616b: startup date [Wed Aug 23 09:28:30 CST 2017]; root of context hierarchy
2017-08-23 09:28:30.773  INFO 7450 --- [    Test worker] f.a.AutowiredAnnotationBeanPostProcessor : JSR-330 'javax.inject.Inject' annotation found and supported for autowiring
2017-08-23 09:28:30.798  INFO 7450 --- [    Test worker] trationDelegate$BeanPostProcessorChecker : Bean 'configurationPropertiesRebinderAutoConfiguration' of type [org.springframework.cloud.autoconfigure.ConfigurationPropertiesRebinderAutoConfiguration$$EnhancerBySpringCGLIB$$59eab12e] is not eligible for getting processed by all BeanPostProcessors (for example: not eligible for auto-proxying)

  .   ____          _            __ _ _
 /\\ / ___'_ __ _ _(_)_ __  __ _ \ \ \ \
( ( )\___ | '_ | '_| | '_ \/ _` | \ \ \ \
 \\/  ___)| |_)| | | | | || (_| |  ) ) ) )
  '  |____| .__|_| |_|_| |_\__, | / / / /
 =========|_|==============|___/=/_/_/_/
 :: Spring Boot ::        (v1.5.2.RELEASE)

2017-08-23 09:28:30.894  INFO 7450 --- [    Test worker] o.s.boot.SpringApplication               : No active profile set, falling back to default profiles: default
2017-08-23 09:28:30.895  INFO 7450 --- [    Test worker] ationConfigEmbeddedWebApplicationContext : Refreshing org.springframework.boot.context.embedded.AnnotationConfigEmbeddedWebApplicationContext@2acc4b13: startup date [Wed Aug 23 09:28:30 CST 2017]; parent: org.springframework.context.annotation.AnnotationConfigApplicationContext@36b6616b
2017-08-23 09:28:31.062  WARN 7450 --- [    Test worker] o.s.c.a.ConfigurationClassPostProcessor  : Cannot enhance @Configuration bean definition 'refreshScope' since its singleton instance has been created too early. The typical cause is a non-static @Bean method with a BeanDefinitionRegistryPostProcessor return type: Consider declaring such methods as 'static'.
2017-08-23 09:28:31.064  INFO 7450 --- [    Test worker] o.s.cloud.context.scope.GenericScope     : BeanFactory id=a3076071-30b5-3437-8524-dfda681a7b93
2017-08-23 09:28:31.077  INFO 7450 --- [    Test worker] f.a.AutowiredAnnotationBeanPostProcessor : JSR-330 'javax.inject.Inject' annotation found and supported for autowiring
2017-08-23 09:28:31.126  INFO 7450 --- [    Test worker] trationDelegate$BeanPostProcessorChecker : Bean 'org.springframework.cloud.autoconfigure.ConfigurationPropertiesRebinderAutoConfiguration' of type [org.springframework.cloud.autoconfigure.ConfigurationPropertiesRebinderAutoConfiguration$$EnhancerBySpringCGLIB$$59eab12e] is not eligible for getting processed by all BeanPostProcessors (for example: not eligible for auto-proxying)
2017-08-23 09:28:31.186  INFO 7450 --- [    Test worker] s.b.c.e.t.TomcatEmbeddedServletContainer : Tomcat initialized with port(s): 9999 (http)
2017-08-23 09:28:31.186  INFO 7450 --- [    Test worker] o.apache.catalina.core.StandardService   : Starting service Tomcat
2017-08-23 09:28:31.187  INFO 7450 --- [    Test worker] org.apache.catalina.core.StandardEngine  : Starting Servlet Engine: Apache Tomcat/8.5.11
2017-08-23 09:28:31.193  INFO 7450 --- [ost-startStop-1] o.a.c.c.C.[Tomcat-3].[localhost].[/]     : Initializing Spring embedded WebApplicationContext
2017-08-23 09:28:31.193  INFO 7450 --- [ost-startStop-1] o.s.web.context.ContextLoader            : Root WebApplicationContext: initialization completed in 298 ms
2017-08-23 09:28:31.273  INFO 7450 --- [ost-startStop-1] o.s.b.w.servlet.ServletRegistrationBean  : Mapping servlet: 'dispatcherServlet' to [/]
2017-08-23 09:28:31.274  INFO 7450 --- [ost-startStop-1] o.s.b.w.servlet.FilterRegistrationBean   : Mapping filter: 'characterEncodingFilter' to: [/*]
2017-08-23 09:28:31.274  INFO 7450 --- [ost-startStop-1] o.s.b.w.servlet.FilterRegistrationBean   : Mapping filter: 'hiddenHttpMethodFilter' to: [/*]
2017-08-23 09:28:31.274  INFO 7450 --- [ost-startStop-1] o.s.b.w.servlet.FilterRegistrationBean   : Mapping filter: 'httpPutFormContentFilter' to: [/*]
2017-08-23 09:28:31.274  INFO 7450 --- [ost-startStop-1] o.s.b.w.servlet.FilterRegistrationBean   : Mapping filter: 'requestContextFilter' to: [/*]
2017-08-23 09:28:31.423  INFO 7450 --- [    Test worker] s.w.s.m.m.a.RequestMappingHandlerAdapter : Looking for @ControllerAdvice: org.springframework.boot.context.embedded.AnnotationConfigEmbeddedWebApplicationContext@2acc4b13: startup date [Wed Aug 23 09:28:30 CST 2017]; parent: org.springframework.context.annotation.AnnotationConfigApplicationContext@36b6616b
2017-08-23 09:28:31.441  INFO 7450 --- [    Test worker] s.w.s.m.m.a.RequestMappingHandlerMapping : Mapped "{[/greeting]}" onto public java.lang.Integer com.tiangaop.ApplicationTestCase$TestApplication.greet()
2017-08-23 09:28:31.441  INFO 7450 --- [    Test worker] s.w.s.m.m.a.RequestMappingHandlerMapping : Mapped "{[/]}" onto public java.lang.String com.tiangaop.ApplicationTestCase$TestApplication.health()
2017-08-23 09:28:31.443  INFO 7450 --- [    Test worker] s.w.s.m.m.a.RequestMappingHandlerMapping : Mapped "{[/error]}" onto public org.springframework.http.ResponseEntity<java.util.Map<java.lang.String, java.lang.Object>> org.springframework.boot.autoconfigure.web.BasicErrorController.error(javax.servlet.http.HttpServletRequest)
2017-08-23 09:28:31.443  INFO 7450 --- [    Test worker] s.w.s.m.m.a.RequestMappingHandlerMapping : Mapped "{[/error],produces=[text/html]}" onto public org.springframework.web.servlet.ModelAndView org.springframework.boot.autoconfigure.web.BasicErrorController.errorHtml(javax.servlet.http.HttpServletRequest,javax.servlet.http.HttpServletResponse)
2017-08-23 09:28:31.469  INFO 7450 --- [    Test worker] o.s.w.s.handler.SimpleUrlHandlerMapping  : Mapped URL path [/webjars/**] onto handler of type [class org.springframework.web.servlet.resource.ResourceHttpRequestHandler]
2017-08-23 09:28:31.469  INFO 7450 --- [    Test worker] o.s.w.s.handler.SimpleUrlHandlerMapping  : Mapped URL path [/**] onto handler of type [class org.springframework.web.servlet.resource.ResourceHttpRequestHandler]
2017-08-23 09:28:31.498  INFO 7450 --- [    Test worker] o.s.w.s.handler.SimpleUrlHandlerMapping  : Mapped URL path [/**/favicon.ico] onto handler of type [class org.springframework.web.servlet.resource.ResourceHttpRequestHandler]
2017-08-23 09:28:31.614  WARN 7450 --- [    Test worker] o.s.c.n.a.ArchaiusAutoConfiguration      : Netflix ConfigurationManager has already been installed, unable to re-install
2017-08-23 09:28:31.764  INFO 7450 --- [    Test worker] s.b.c.e.t.TomcatEmbeddedServletContainer : Tomcat started on port(s): 9999 (http)
2017-08-23 09:28:31.766  INFO 7450 --- [    Test worker] o.s.boot.SpringApplication               : Started application in 1.062 seconds (JVM running for 8.083)
2017-08-23 09:28:31.895  INFO 7450 --- [o-auto-1-exec-1] o.a.c.c.C.[Tomcat].[localhost].[/]       : Initializing Spring FrameworkServlet 'dispatcherServlet'
2017-08-23 09:28:31.895  INFO 7450 --- [o-auto-1-exec-1] o.s.web.servlet.DispatcherServlet        : FrameworkServlet 'dispatcherServlet': initialization started
2017-08-23 09:28:31.914  INFO 7450 --- [o-auto-1-exec-1] o.s.web.servlet.DispatcherServlet        : FrameworkServlet 'dispatcherServlet': initialization completed in 19 ms
2017-08-23 09:28:31.950  INFO 7450 --- [o-auto-1-exec-1] s.c.a.AnnotationConfigApplicationContext : Refreshing org.springframework.context.annotation.AnnotationConfigApplicationContext@50c360: startup date [Wed Aug 23 09:28:31 CST 2017]; parent: org.springframework.boot.context.embedded.AnnotationConfigEmbeddedWebApplicationContext@575f7e9d
2017-08-23 09:28:32.002  INFO 7450 --- [o-auto-1-exec-1] f.a.AutowiredAnnotationBeanPostProcessor : JSR-330 'javax.inject.Inject' annotation found and supported for autowiring
2017-08-23 09:28:32.211  INFO 7450 --- [o-auto-1-exec-1] c.n.u.concurrent.ShutdownEnabledTimer    : Shutdown hook installed for: NFLoadBalancer-PingTimer-service-provider
2017-08-23 09:28:32.254  INFO 7450 --- [o-auto-1-exec-1] c.netflix.loadbalancer.BaseLoadBalancer  : Client:service-provider instantiated a LoadBalancer:DynamicServerListLoadBalancer:{NFLoadBalancer:name=service-provider,current list of Servers=[],Load balancer stats=Zone stats: {},Server stats: []}ServerList:null
2017-08-23 09:28:32.260  INFO 7450 --- [o-auto-1-exec-1] c.n.l.DynamicServerListLoadBalancer      : Using serverListUpdater PollingServerListUpdater
2017-08-23 09:28:32.282  INFO 7450 --- [o-auto-1-exec-1] c.netflix.config.ChainedDynamicProperty  : Flipping property: service-provider.ribbon.ActiveConnectionsLimit to use NEXT property: niws.loadbalancer.availabilityFilteringRule.activeConnectionsLimit = 2147483647
2017-08-23 09:28:32.362  INFO 7450 --- [nio-8090-exec-1] o.a.c.c.C.[Tomcat-1].[localhost].[/]     : Initializing Spring FrameworkServlet 'dispatcherServlet'
2017-08-23 09:28:32.362  INFO 7450 --- [nio-8090-exec-1] o.s.web.servlet.DispatcherServlet        : FrameworkServlet 'dispatcherServlet': initialization started
2017-08-23 09:28:32.368  INFO 7450 --- [nio-8090-exec-1] o.s.web.servlet.DispatcherServlet        : FrameworkServlet 'dispatcherServlet': initialization completed in 6 ms
2017-08-23 09:28:32.401  INFO 7450 --- [nio-9092-exec-1] o.a.c.c.C.[Tomcat-2].[localhost].[/]     : Initializing Spring FrameworkServlet 'dispatcherServlet'
2017-08-23 09:28:32.402  INFO 7450 --- [nio-9092-exec-1] o.s.web.servlet.DispatcherServlet        : FrameworkServlet 'dispatcherServlet': initialization started
2017-08-23 09:28:32.404  INFO 7450 --- [nio-9092-exec-1] o.s.web.servlet.DispatcherServlet        : FrameworkServlet 'dispatcherServlet': initialization completed in 2 ms
2017-08-23 09:28:32.413  INFO 7450 --- [nio-9999-exec-1] o.a.c.c.C.[Tomcat-3].[localhost].[/]     : Initializing Spring FrameworkServlet 'dispatcherServlet'
2017-08-23 09:28:32.414  INFO 7450 --- [nio-9999-exec-1] o.s.web.servlet.DispatcherServlet        : FrameworkServlet 'dispatcherServlet': initialization started
2017-08-23 09:28:32.416  INFO 7450 --- [nio-9999-exec-1] o.s.web.servlet.DispatcherServlet        : FrameworkServlet 'dispatcherServlet': initialization completed in 2 ms
2017-08-23 09:28:32.420  INFO 7450 --- [o-auto-1-exec-1] c.n.l.DynamicServerListLoadBalancer      : DynamicServerListLoadBalancer for client service-provider initialized: DynamicServerListLoadBalancer:{NFLoadBalancer:name=service-provider,current list of Servers=[localhost:8090, localhost:9092, localhost:9999],Load balancer stats=Zone stats: {unknown=[Zone:unknown;	Instance count:3;	Active connections count: 0;	Circuit breaker tripped count: 0;	Active connections per server: 0.0;]
},Server stats: [[Server:localhost:8090;	Zone:UNKNOWN;	Total Requests:0;	Successive connection failure:0;	Total blackout seconds:0;	Last connection made:Thu Jan 01 08:00:00 CST 1970;	First connection made: Thu Jan 01 08:00:00 CST 1970;	Active Connections:0;	total failure count in last (1000) msecs:0;	average resp time:0.0;	90 percentile resp time:0.0;	95 percentile resp time:0.0;	min resp time:0.0;	max resp time:0.0;	stddev resp time:0.0]
, [Server:localhost:9092;	Zone:UNKNOWN;	Total Requests:0;	Successive connection failure:0;	Total blackout seconds:0;	Last connection made:Thu Jan 01 08:00:00 CST 1970;	First connection made: Thu Jan 01 08:00:00 CST 1970;	Active Connections:0;	total failure count in last (1000) msecs:0;	average resp time:0.0;	90 percentile resp time:0.0;	95 percentile resp time:0.0;	min resp time:0.0;	max resp time:0.0;	stddev resp time:0.0]
, [Server:localhost:9999;	Zone:UNKNOWN;	Total Requests:0;	Successive connection failure:0;	Total blackout seconds:0;	Last connection made:Thu Jan 01 08:00:00 CST 1970;	First connection made: Thu Jan 01 08:00:00 CST 1970;	Active Connections:0;	total failure count in last (1000) msecs:0;	average resp time:0.0;	90 percentile resp time:0.0;	95 percentile resp time:0.0;	min resp time:0.0;	max resp time:0.0;	stddev resp time:0.0]
]}ServerList:com.netflix.loadbalancer.ConfigurationBasedServerList@3c3cf091
2017-08-23 09:28:32.607  INFO 7450 --- [    Test worker] ationConfigEmbeddedWebApplicationContext : Closing org.springframework.boot.context.embedded.AnnotationConfigEmbeddedWebApplicationContext@72b8d0c7: startup date [Wed Aug 23 09:28:28 CST 2017]; parent: org.springframework.context.annotation.AnnotationConfigApplicationContext@1241df3f
2017-08-23 09:28:32.666  INFO 7450 --- [    Test worker] o.apache.catalina.core.StandardService   : Stopping service Tomcat
2017-08-23 09:28:32.668  INFO 7450 --- [ost-startStop-1] o.a.c.c.C.[Tomcat-1].[localhost].[/]     : Destroying Spring FrameworkServlet 'dispatcherServlet'
2017-08-23 09:28:32.680  INFO 7450 --- [    Test worker] ationConfigEmbeddedWebApplicationContext : Closing org.springframework.boot.context.embedded.AnnotationConfigEmbeddedWebApplicationContext@384c2989: startup date [Wed Aug 23 09:28:29 CST 2017]; parent: org.springframework.context.annotation.AnnotationConfigApplicationContext@4f66ecd2
2017-08-23 09:28:32.737  INFO 7450 --- [    Test worker] o.apache.catalina.core.StandardService   : Stopping service Tomcat
2017-08-23 09:28:32.738  INFO 7450 --- [ost-startStop-1] o.a.c.c.C.[Tomcat-2].[localhost].[/]     : Destroying Spring FrameworkServlet 'dispatcherServlet'
2017-08-23 09:28:32.744  INFO 7450 --- [    Test worker] ationConfigEmbeddedWebApplicationContext : Closing org.springframework.boot.context.embedded.AnnotationConfigEmbeddedWebApplicationContext@2acc4b13: startup date [Wed Aug 23 09:28:30 CST 2017]; parent: org.springframework.context.annotation.AnnotationConfigApplicationContext@36b6616b
2017-08-23 09:28:32.799  INFO 7450 --- [    Test worker] o.apache.catalina.core.StandardService   : Stopping service Tomcat
2017-08-23 09:28:32.800  INFO 7450 --- [ost-startStop-1] o.a.c.c.C.[Tomcat-3].[localhost].[/]     : Destroying Spring FrameworkServlet 'dispatcherServlet'
]]></system-out>
  <system-err><![CDATA[]]></system-err>
</testsuite>
